
# i replaced it with the managed aws policy 



# data "aws_iam_policy_document" "ebs-csi" {
#   # Use the official EBS CSI JSON policy doc
#   # See: https://docs.aws.amazon.com/eks/latest/userguide/csi-iam-role.html
#   statement {
#     effect = "Allow"
#     actions = [
#       "ec2:CreateSnapshot",
#       "ec2:AttachVolume",
#       "ec2:DetachVolume",
#       "ec2:ModifyVolume",
#       "ec2:DescribeAvailabilityZones",
#       "ec2:DescribeInstances",
#       "ec2:DescribeSnapshots",
#       "ec2:DescribeTags",
#       "ec2:DescribeVolumes",
#       "ec2:CreateTags",
#       "ec2:DeleteTags",
#       "ec2:CreateTags"
#     ]
#     resources = ["*"]
#   }
# }
#
# resource "aws_iam_policy" "ebs-csi" {
#   name   = "AmazonEKS-EBS-CSI-Driver-Policy"
#   policy = data.aws_iam_policy_document.ebs-csi.json
# }
